2022-08-16T15:24:25.981+0200 ERROR OVO JE ERROR
2022-08-16T15:24:52.652+0200 ERROR 404Onboarding not found!
2022-08-16T15:26:39.969+0200 ERROR 404 Onboarding not found!
2022-08-16T15:40:14.386+0200 ERROR 404 Onboarding not found!
2022-08-23T13:38:34.016+0200 ERROR Logging unsuccessful Tue Aug 23 13:38:34 CEST 2022
2022-08-23T13:38:34.020+0200 ERROR 404 User not found!
2022-09-02T10:36:19.776+0200 ERROR Logging unsuccessful Fri Sep 02 10:36:19 CEST 2022
2022-09-02T10:36:19.783+0200 ERROR 404 User not found!
2022-09-02T10:40:24.627+0200 ERROR Onboarding not added Fri Sep 02 10:40:24 CEST 2022
2022-09-02T10:40:58.841+0200 ERROR Onboarding not added Fri Sep 02 10:40:58 CEST 2022
2022-09-02T10:47:28.652+0200 ERROR Onboarding not added Fri Sep 02 10:47:28 CEST 2022
2022-09-02T10:52:06.728+0200 ERROR Onboarding not added Fri Sep 02 10:52:06 CEST 2022
2024-05-26T15:35:40.283+0200 ERROR User not added to Onboarding Sun May 26 15:35:40 CEST 2024
2024-05-26T15:36:48.639+0200 ERROR Onboarding not edited Sun May 26 15:36:48 CEST 2024
2024-05-26T16:11:10.874+0200 ERROR Tasks not added to Onboarding Sun May 26 16:11:10 CEST 2024
2024-05-26T16:11:51.654+0200 ERROR User not added to Onboarding Sun May 26 16:11:51 CEST 2024
2024-05-26T16:50:21.524+0200 ERROR 404 User not found!
2024-05-26T16:51:16.241+0200 ERROR Logging unsuccessful Sun May 26 16:51:16 CEST 2024
2024-05-26T16:51:16.242+0200 ERROR 404 User not found!
2024-05-26T16:52:11.662+0200 ERROR 404 User not found!
2024-05-26T16:58:18.727+0200 ERROR 404 User not found!
2024-05-26T16:58:21.941+0200 ERROR 404 User not found!
2024-05-26T16:58:34.532+0200 ERROR 404 User not found!
2024-05-26T17:12:18.330+0200 ERROR 404 User not found!
2024-05-26T23:55:51.214+0200 ERROR User not added to Onboarding Sun May 26 23:55:51 CEST 2024
2024-05-26T23:57:23.065+0200 ERROR Tasks not added to Onboarding Sun May 26 23:57:23 CEST 2024
2024-05-26T23:58:00.355+0200 ERROR Tasks not added to Onboarding Sun May 26 23:58:00 CEST 2024
2024-05-27T00:13:27.789+0200 ERROR Onboarding not edited Mon May 27 00:13:27 CEST 2024
2024-05-27T00:14:30.568+0200 ERROR Tasks not added to Onboarding Mon May 27 00:14:30 CEST 2024
2024-05-27T00:14:54.795+0200 ERROR Onboarding not edited Mon May 27 00:14:54 CEST 2024
2024-05-27T15:25:39.254+0200 ERROR Logging unsuccessful Mon May 27 15:25:39 CEST 2024
2024-05-27T15:25:39.259+0200 ERROR 400 Invalid credentials!
2024-05-27T15:27:45.815+0200 ERROR Onboarding not added Mon May 27 15:27:45 CEST 2024
2024-05-27T15:39:32.182+0200 ERROR Onboarding not added Mon May 27 15:39:32 CEST 2024
2024-05-27T17:34:26.012+0200 ERROR User not added to Onboarding Mon May 27 17:34:26 CEST 2024
